23:36:50 [CORE]{c}-STA: Modules dir: /opt/xplico/bin/modules
23:36:50 [CORE]{c}-STA: Tmp dir: tmp/xplico
23:36:50 [CORE]{c}-STA: Module ---> dis_pcapf.so log --> FEWS
23:36:50 [CORE]{c}-STA: Module ---> dis_pol.so log --> FEWS
23:36:50 [CORE]{c}-STA: Module ---> dis_eth.so log --> FEWS
23:36:50 [CORE]{c}-STA: Module ---> dis_mpls.so log --> FEWIS
23:36:50 [CORE]{c}-STA: Module ---> dis_pppoe.so log --> FEWITDS
23:36:50 [CORE]{c}-STA: Module ---> dis_ppp.so log --> FEWITDS
23:36:50 [CORE]{c}-STA: Module ---> dis_ip.so log --> FEWS
23:36:50 [CORE]{c}-STA: Module ---> dis_ipv6.so log --> FEWS
23:36:50 [CORE]{c}-STA: Module ---> dis_tcp_soft.so log --> FEWS
23:36:50 [CORE]{c}-STA: Module ---> dis_udp.so log --> FEWS
23:36:50 [CORE]{c}-STA: Module ---> dis_http.so log --> FEWITS
23:36:50 [CORE]{c}-STA: Module ---> dis_pop.so log --> FEWS
23:36:50 [CORE]{c}-STA: Module ---> dis_imap.so log --> FEWS
23:36:50 [CORE]{c}-STA: Module ---> dis_smtp.so log --> FEWS
23:36:50 [CORE]{c}-STA: Module ---> dis_httpfd.so log --> FEWITDS
23:36:50 [CORE]{c}-STA: Module ---> dis_sip.so log --> FEWITDS
23:36:50 [CORE]{c}-STA: Module ---> dis_rtp.so log --> FEWITDS
23:36:50 [CORE]{c}-STA: Module ---> dis_rtcp.so log --> FEWITDS
23:36:50 [CORE]{c}-STA: Module ---> dis_sdp.so log --> FEWITDS
23:36:50 [CORE]{c}-STA: Module ---> dis_l2tp.so log --> FEWITDS
23:36:50 [CORE]{c}-STA: Module ---> dis_vlan.so log --> FEWITDS
23:36:50 [CORE]{c}-STA: Module ---> dis_ftp.so log --> FEWS
23:36:50 [CORE]{c}-STA: Module ---> dis_dns.so log --> FEWS
23:36:50 [CORE]{c}-STA: Module ---> dis_icmp.so log --> FEWITDS
23:36:50 [CORE]{c}-STA: Module ---> dis_nntp.so log --> FEWITDS
23:36:50 [CORE]{c}-STA: Module ---> dis_irc.so log --> FEWITDS
23:36:50 [CORE]{c}-STA: Module ---> dis_ipp.so log --> FEWITDS
23:36:50 [CORE]{c}-STA: Module ---> dis_pjl.so log --> FEWITDS
23:36:50 [CORE]{c}-STA: Module ---> dis_mms.so log --> FEWITDS
23:36:50 [CORE]{c}-STA: Module ---> dis_sll.so log --> FEWITDS
23:36:50 [CORE]{c}-STA: Module ---> dis_tftp.so log --> FEWS
23:36:50 [CORE]{c}-STA: Module ---> dis_ieee80211.so log --> FEWITDS
23:36:50 [CORE]{c}-STA: Module ---> dis_llc.so log --> FEWITDS
23:36:50 [CORE]{c}-STA: Module ---> dis_fbwchat.so log --> FEWITDS
23:36:50 [CORE]{c}-STA: Module ---> dis_telnet.so log --> FEWITDS
23:36:50 [CORE]{c}-STA: Module ---> dis_webmail.so log --> FEWITDS
23:36:50 [CORE]{c}-STA: Module ---> dis_msn.so log --> FEWITDS
23:36:50 [CORE]{c}-STA: Module ---> dis_paltalk.so log --> FEWITDS
23:36:50 [CORE]{c}-STA: Module ---> dis_arp.so log --> FEWITDS
23:36:50 [CORE]{c}-STA: Module ---> dis_paltalk_exp.so log --> FEWITDS
23:36:50 [CORE]{c}-STA: Module ---> dis_radiotap.so log --> FEWITDS
23:36:50 [CORE]{c}-STA: Module ---> dis_icmpv6.so log --> FEWITDS
23:36:50 [CORE]{c}-STA: Module ---> dis_ppi.so log --> FEWITDS
23:36:50 [CORE]{c}-STA: Module ---> dis_syslog.so log --> FEWITDS
23:36:50 [CORE]{c}-STA: Module ---> dis_chdlc.so log --> FEWITDS
23:36:50 [CORE]{c}-STA: Module ---> dis_prism.so log --> FEWITDS
23:36:50 [CORE]{c}-STA: Module ---> dis_null.so log --> FEWS
23:36:50 [CORE]{c}-STA: Module ---> dis_webymsg.so log --> FEWITDS
23:36:50 [CORE]{c}-STA: Module ---> dis_mgcp.so log --> FEWITDS
23:36:50 [CORE]{c}-STA: Module ---> dis_wa.so log --> FEWITDS
23:36:50 [CORE]{c}-STA: Module ---> dis_tcp_grb.so log --> FEWS
23:36:50 [CORE]{c}-STA: Module ---> dis_udp_grb.so log --> FEWS
23:36:50 [CORE]{c}-WARNING: dissector 'ip' dependence 'gre->gre.proto' not found
23:36:50 [CORE]{c}-WARNING: dissector 'ip' dependence 'gtp->gtp.msg' not found
23:36:50 [CORE]{c}-WARNING: Assume 'l2tp' protocol flow dissector as exstension of packet dissector in case of 'udp' protocol
23:36:50 [CORE]{c}-INFO: 'pcapf' stack frame size: 100b with 3 info
23:36:50 [CORE]{c}-INFO: 'pol' stack frame size: 148b with 6 info
23:36:50 [CORE]{c}-INFO: 'eth' stack frame size: 84b with 2 info
23:36:50 [CORE]{c}-INFO: 'mpls' stack frame size: 68b with 1 info
23:36:50 [CORE]{c}-INFO: 'pppoe' stack frame size: 100b with 3 info
23:36:50 [CORE]{c}-INFO: 'ppp' stack frame size: 68b with 1 info
23:36:50 [CORE]{c}-INFO: 'ip' stack frame size: 116b with 4 info
23:36:50 [CORE]{c}-INFO: 'ipv6' stack frame size: 116b with 4 info
23:36:50 [CORE]{c}-INFO: 'tcp' stack frame size: 132b with 5 info
23:36:50 [CORE]{c}-INFO: 'udp' stack frame size: 84b with 2 info
23:36:50 [CORE]{c}-INFO: 'http' stack frame size: 132b with 5 info
23:36:50 [CORE]{c}-INFO: 'pop' stack frame size: 52b with 0 info
23:36:50 [CORE]{c}-INFO: 'imap' stack frame size: 52b with 0 info
23:36:50 [CORE]{c}-INFO: 'smtp' stack frame size: 52b with 0 info
23:36:50 [CORE]{c}-INFO: 'httpfd' stack frame size: 52b with 0 info
23:36:50 [CORE]{c}-INFO: 'sip' stack frame size: 52b with 0 info
23:36:50 [CORE]{c}-INFO: 'rtp' stack frame size: 132b with 5 info
23:36:50 [CORE]{c}-INFO: 'rtcp' stack frame size: 68b with 1 info
23:36:50 [CORE]{c}-INFO: 'sdp' stack frame size: 52b with 0 info
23:36:50 [CORE]{c}-INFO: 'l2tp' stack frame size: 100b with 3 info
23:36:50 [CORE]{c}-INFO: 'vlan' stack frame size: 84b with 2 info
23:36:50 [CORE]{c}-INFO: 'ftp' stack frame size: 52b with 0 info
23:36:50 [CORE]{c}-INFO: 'dns' stack frame size: 52b with 0 info
23:36:50 [CORE]{c}-INFO: 'icmp' stack frame size: 52b with 0 info
23:36:50 [CORE]{c}-INFO: 'nntp' stack frame size: 52b with 0 info
23:36:50 [CORE]{c}-INFO: 'irc' stack frame size: 52b with 0 info
23:36:50 [CORE]{c}-INFO: 'ipp' stack frame size: 52b with 0 info
23:36:50 [CORE]{c}-INFO: 'pjl' stack frame size: 52b with 0 info
23:36:50 [CORE]{c}-INFO: 'mms' stack frame size: 52b with 0 info
23:36:50 [CORE]{c}-INFO: 'sll' stack frame size: 68b with 1 info
23:36:50 [CORE]{c}-INFO: 'tftp' stack frame size: 52b with 0 info
23:36:50 [CORE]{c}-INFO: 'wlan' stack frame size: 68b with 1 info
23:36:50 [CORE]{c}-INFO: 'llc' stack frame size: 68b with 1 info
23:36:50 [CORE]{c}-INFO: 'fbwchat' stack frame size: 52b with 0 info
23:36:50 [CORE]{c}-INFO: 'telnet' stack frame size: 52b with 0 info
23:36:50 [CORE]{c}-INFO: 'webmail' stack frame size: 52b with 0 info
23:36:50 [CORE]{c}-INFO: 'msn' stack frame size: 52b with 0 info
23:36:50 [CORE]{c}-INFO: 'paltalk' stack frame size: 52b with 0 info
23:36:50 [CORE]{c}-INFO: 'arp' stack frame size: 52b with 0 info
23:36:50 [CORE]{c}-INFO: 'paltalk_exp' stack frame size: 52b with 0 info
23:36:50 [CORE]{c}-INFO: 'radiotap' stack frame size: 52b with 0 info
23:36:50 [CORE]{c}-INFO: 'icmpv6' stack frame size: 52b with 0 info
23:36:50 [CORE]{c}-INFO: 'ppi' stack frame size: 68b with 1 info
23:36:50 [CORE]{c}-INFO: 'syslog' stack frame size: 52b with 0 info
23:36:50 [CORE]{c}-INFO: 'chdlc' stack frame size: 68b with 1 info
23:36:50 [CORE]{c}-INFO: 'prism' stack frame size: 52b with 0 info
23:36:50 [CORE]{c}-INFO: 'null' stack frame size: 68b with 1 info
23:36:50 [CORE]{c}-INFO: 'webymsg' stack frame size: 52b with 0 info
23:36:50 [CORE]{c}-INFO: 'mgcp' stack frame size: 52b with 0 info
23:36:50 [CORE]{c}-INFO: 'wa' stack frame size: 52b with 0 info
23:36:50 [CORE]{c}-INFO: 'tcp-grb' stack frame size: 52b with 0 info
23:36:50 [CORE]{c}-INFO: 'udp-grb' stack frame size: 52b with 0 info
23:36:50 [DISP]{c}-DEBUG: CLI Dispatcher
23:36:50 [DISP]{c}-STA: Serial mode
23:36:51 [CORE]{c}-ERROR: GeoIP2 without GeoLiteCity/GeoIP database
23:36:55 [CORE]{c}-STA: Total FB messages: 0/0
23:36:55 [CORE]{c}-STA: Total PEI received: 0
23:36:55 [CORE]{c}-STA: End. Total elaboration time:  6s 671202us
23:38:45 [CORE]{c}-STA: Modules dir: /opt/xplico/bin/modules
23:38:45 [CORE]{c}-STA: Tmp dir: tmp/xplico
23:38:45 [CORE]{c}-STA: Module ---> dis_pcapf.so log --> FEWS
23:38:45 [CORE]{c}-STA: Module ---> dis_pol.so log --> FEWS
23:38:45 [CORE]{c}-STA: Module ---> dis_eth.so log --> FEWS
23:38:45 [CORE]{c}-STA: Module ---> dis_mpls.so log --> FEWIS
23:38:45 [CORE]{c}-STA: Module ---> dis_pppoe.so log --> FEWITDS
23:38:45 [CORE]{c}-STA: Module ---> dis_ppp.so log --> FEWITDS
23:38:45 [CORE]{c}-STA: Module ---> dis_ip.so log --> FEWS
23:38:45 [CORE]{c}-STA: Module ---> dis_ipv6.so log --> FEWS
23:38:45 [CORE]{c}-STA: Module ---> dis_tcp_soft.so log --> FEWS
23:38:45 [CORE]{c}-STA: Module ---> dis_udp.so log --> FEWS
23:38:45 [CORE]{c}-STA: Module ---> dis_http.so log --> FEWITS
23:38:45 [CORE]{c}-STA: Module ---> dis_pop.so log --> FEWS
23:38:45 [CORE]{c}-STA: Module ---> dis_imap.so log --> FEWS
23:38:45 [CORE]{c}-STA: Module ---> dis_smtp.so log --> FEWS
23:38:45 [CORE]{c}-STA: Module ---> dis_httpfd.so log --> FEWITDS
23:38:45 [CORE]{c}-STA: Module ---> dis_sip.so log --> FEWITDS
23:38:45 [CORE]{c}-STA: Module ---> dis_rtp.so log --> FEWITDS
23:38:45 [CORE]{c}-STA: Module ---> dis_rtcp.so log --> FEWITDS
23:38:45 [CORE]{c}-STA: Module ---> dis_sdp.so log --> FEWITDS
23:38:45 [CORE]{c}-STA: Module ---> dis_l2tp.so log --> FEWITDS
23:38:45 [CORE]{c}-STA: Module ---> dis_vlan.so log --> FEWITDS
23:38:45 [CORE]{c}-STA: Module ---> dis_ftp.so log --> FEWS
23:38:45 [CORE]{c}-STA: Module ---> dis_dns.so log --> FEWS
23:38:45 [CORE]{c}-STA: Module ---> dis_icmp.so log --> FEWITDS
23:38:45 [CORE]{c}-STA: Module ---> dis_nntp.so log --> FEWITDS
23:38:45 [CORE]{c}-STA: Module ---> dis_irc.so log --> FEWITDS
23:38:45 [CORE]{c}-STA: Module ---> dis_ipp.so log --> FEWITDS
23:38:45 [CORE]{c}-STA: Module ---> dis_pjl.so log --> FEWITDS
23:38:45 [CORE]{c}-STA: Module ---> dis_mms.so log --> FEWITDS
23:38:45 [CORE]{c}-STA: Module ---> dis_sll.so log --> FEWITDS
23:38:45 [CORE]{c}-STA: Module ---> dis_tftp.so log --> FEWS
23:38:45 [CORE]{c}-STA: Module ---> dis_ieee80211.so log --> FEWITDS
23:38:45 [CORE]{c}-STA: Module ---> dis_llc.so log --> FEWITDS
23:38:45 [CORE]{c}-STA: Module ---> dis_fbwchat.so log --> FEWITDS
23:38:45 [CORE]{c}-STA: Module ---> dis_telnet.so log --> FEWITDS
23:38:45 [CORE]{c}-STA: Module ---> dis_webmail.so log --> FEWITDS
23:38:45 [CORE]{c}-STA: Module ---> dis_msn.so log --> FEWITDS
23:38:45 [CORE]{c}-STA: Module ---> dis_paltalk.so log --> FEWITDS
23:38:45 [CORE]{c}-STA: Module ---> dis_arp.so log --> FEWITDS
23:38:45 [CORE]{c}-STA: Module ---> dis_paltalk_exp.so log --> FEWITDS
23:38:45 [CORE]{c}-STA: Module ---> dis_radiotap.so log --> FEWITDS
23:38:45 [CORE]{c}-STA: Module ---> dis_icmpv6.so log --> FEWITDS
23:38:45 [CORE]{c}-STA: Module ---> dis_ppi.so log --> FEWITDS
23:38:45 [CORE]{c}-STA: Module ---> dis_syslog.so log --> FEWITDS
23:38:45 [CORE]{c}-STA: Module ---> dis_chdlc.so log --> FEWITDS
23:38:45 [CORE]{c}-STA: Module ---> dis_prism.so log --> FEWITDS
23:38:45 [CORE]{c}-STA: Module ---> dis_null.so log --> FEWS
23:38:45 [CORE]{c}-STA: Module ---> dis_webymsg.so log --> FEWITDS
23:38:45 [CORE]{c}-STA: Module ---> dis_mgcp.so log --> FEWITDS
23:38:45 [CORE]{c}-STA: Module ---> dis_wa.so log --> FEWITDS
23:38:45 [CORE]{c}-STA: Module ---> dis_tcp_grb.so log --> FEWS
23:38:45 [CORE]{c}-STA: Module ---> dis_udp_grb.so log --> FEWS
23:38:45 [CORE]{c}-WARNING: dissector 'ip' dependence 'gre->gre.proto' not found
23:38:45 [CORE]{c}-WARNING: dissector 'ip' dependence 'gtp->gtp.msg' not found
23:38:45 [CORE]{c}-WARNING: Assume 'l2tp' protocol flow dissector as exstension of packet dissector in case of 'udp' protocol
23:38:45 [CORE]{c}-INFO: 'pcapf' stack frame size: 100b with 3 info
23:38:45 [CORE]{c}-INFO: 'pol' stack frame size: 148b with 6 info
23:38:45 [CORE]{c}-INFO: 'eth' stack frame size: 84b with 2 info
23:38:45 [CORE]{c}-INFO: 'mpls' stack frame size: 68b with 1 info
23:38:45 [CORE]{c}-INFO: 'pppoe' stack frame size: 100b with 3 info
23:38:45 [CORE]{c}-INFO: 'ppp' stack frame size: 68b with 1 info
23:38:45 [CORE]{c}-INFO: 'ip' stack frame size: 116b with 4 info
23:38:45 [CORE]{c}-INFO: 'ipv6' stack frame size: 116b with 4 info
23:38:45 [CORE]{c}-INFO: 'tcp' stack frame size: 132b with 5 info
23:38:45 [CORE]{c}-INFO: 'udp' stack frame size: 84b with 2 info
23:38:45 [CORE]{c}-INFO: 'http' stack frame size: 132b with 5 info
23:38:45 [CORE]{c}-INFO: 'pop' stack frame size: 52b with 0 info
23:38:45 [CORE]{c}-INFO: 'imap' stack frame size: 52b with 0 info
23:38:45 [CORE]{c}-INFO: 'smtp' stack frame size: 52b with 0 info
23:38:45 [CORE]{c}-INFO: 'httpfd' stack frame size: 52b with 0 info
23:38:45 [CORE]{c}-INFO: 'sip' stack frame size: 52b with 0 info
23:38:45 [CORE]{c}-INFO: 'rtp' stack frame size: 132b with 5 info
23:38:45 [CORE]{c}-INFO: 'rtcp' stack frame size: 68b with 1 info
23:38:45 [CORE]{c}-INFO: 'sdp' stack frame size: 52b with 0 info
23:38:45 [CORE]{c}-INFO: 'l2tp' stack frame size: 100b with 3 info
23:38:45 [CORE]{c}-INFO: 'vlan' stack frame size: 84b with 2 info
23:38:45 [CORE]{c}-INFO: 'ftp' stack frame size: 52b with 0 info
23:38:45 [CORE]{c}-INFO: 'dns' stack frame size: 52b with 0 info
23:38:45 [CORE]{c}-INFO: 'icmp' stack frame size: 52b with 0 info
23:38:45 [CORE]{c}-INFO: 'nntp' stack frame size: 52b with 0 info
23:38:45 [CORE]{c}-INFO: 'irc' stack frame size: 52b with 0 info
23:38:45 [CORE]{c}-INFO: 'ipp' stack frame size: 52b with 0 info
23:38:45 [CORE]{c}-INFO: 'pjl' stack frame size: 52b with 0 info
23:38:45 [CORE]{c}-INFO: 'mms' stack frame size: 52b with 0 info
23:38:45 [CORE]{c}-INFO: 'sll' stack frame size: 68b with 1 info
23:38:45 [CORE]{c}-INFO: 'tftp' stack frame size: 52b with 0 info
23:38:45 [CORE]{c}-INFO: 'wlan' stack frame size: 68b with 1 info
23:38:45 [CORE]{c}-INFO: 'llc' stack frame size: 68b with 1 info
23:38:45 [CORE]{c}-INFO: 'fbwchat' stack frame size: 52b with 0 info
23:38:45 [CORE]{c}-INFO: 'telnet' stack frame size: 52b with 0 info
23:38:45 [CORE]{c}-INFO: 'webmail' stack frame size: 52b with 0 info
23:38:45 [CORE]{c}-INFO: 'msn' stack frame size: 52b with 0 info
23:38:45 [CORE]{c}-INFO: 'paltalk' stack frame size: 52b with 0 info
23:38:45 [CORE]{c}-INFO: 'arp' stack frame size: 52b with 0 info
23:38:45 [CORE]{c}-INFO: 'paltalk_exp' stack frame size: 52b with 0 info
23:38:45 [CORE]{c}-INFO: 'radiotap' stack frame size: 52b with 0 info
23:38:45 [CORE]{c}-INFO: 'icmpv6' stack frame size: 52b with 0 info
23:38:45 [CORE]{c}-INFO: 'ppi' stack frame size: 68b with 1 info
23:38:45 [CORE]{c}-INFO: 'syslog' stack frame size: 52b with 0 info
23:38:45 [CORE]{c}-INFO: 'chdlc' stack frame size: 68b with 1 info
23:38:45 [CORE]{c}-INFO: 'prism' stack frame size: 52b with 0 info
23:38:45 [CORE]{c}-INFO: 'null' stack frame size: 68b with 1 info
23:38:45 [CORE]{c}-INFO: 'webymsg' stack frame size: 52b with 0 info
23:38:45 [CORE]{c}-INFO: 'mgcp' stack frame size: 52b with 0 info
23:38:45 [CORE]{c}-INFO: 'wa' stack frame size: 52b with 0 info
23:38:45 [CORE]{c}-INFO: 'tcp-grb' stack frame size: 52b with 0 info
23:38:45 [CORE]{c}-INFO: 'udp-grb' stack frame size: 52b with 0 info
23:38:45 [DISP]{c}-DEBUG: CLI Dispatcher
23:38:45 [DISP]{c}-STA: Serial mode
23:38:45 [CORE]{c}-ERROR: GeoIP2 without GeoLiteCity/GeoIP database
23:38:48 [CORE]{c}-STA: Total FB messages: 0/0
23:38:48 [CORE]{c}-STA: Total PEI received: 0
23:38:48 [CORE]{c}-STA: End. Total elaboration time:  4s 573380us
